{"timestamp":"2026-01-15T11:00:00Z","record_id":9001,"provider":"Microsoft-Windows-Security-Auditing","provider_guid":"{54849625-5478-4994-A5BA-3E3B0328C30D}","channel":"Security","computer":"LAB-SRV-001","event_id":4624,"level":0,"task":12544,"opcode":0,"keywords":"0x8020000000000000","process_id":704,"thread_id":4100,"event_data":{"SubjectUserSid":"S-1-0-0","SubjectUserName":"-","SubjectDomainName":"-","TargetUserName":"alice.admin","TargetDomainName":"EXAMPLE","LogonType":"3","LogonProcessName":"NtLmSsp","AuthenticationPackageName":"NTLM","WorkstationName":"LAB-WKS-009","IpAddress":"198.51.100.77","IpPort":"50101"}}
{"timestamp":"2026-01-15T11:01:10Z","record_id":9002,"provider":"Microsoft-Windows-Security-Auditing","provider_guid":"{54849625-5478-4994-A5BA-3E3B0328C30D}","channel":"Security","computer":"LAB-SRV-002","event_id":4624,"level":0,"task":12544,"opcode":0,"keywords":"0x8020000000000000","process_id":704,"thread_id":4104,"event_data":{"SubjectUserSid":"S-1-0-0","SubjectUserName":"-","SubjectDomainName":"-","TargetUserName":"bob.admin","TargetDomainName":"EXAMPLE","LogonType":"3","LogonProcessName":"NtLmSsp","AuthenticationPackageName":"NTLM","WorkstationName":"LAB-WKS-009","IpAddress":"198.51.100.77","IpPort":"50112"}}
{"timestamp":"2026-01-15T11:02:30Z","record_id":9003,"provider":"Microsoft-Windows-Security-Auditing","provider_guid":"{54849625-5478-4994-A5BA-3E3B0328C30D}","channel":"Security","computer":"LAB-DC-001","event_id":4625,"level":0,"task":12544,"opcode":0,"keywords":"0x8010000000000000","process_id":704,"thread_id":4108,"event_data":{"SubjectUserSid":"S-1-0-0","SubjectUserName":"-","SubjectDomainName":"-","TargetUserName":"admin-review","TargetDomainName":"EXAMPLE","Status":"0xC000006D","SubStatus":"0xC000006A","FailureReason":"Unknown user name or bad password.","LogonType":"3","LogonProcessName":"NtLmSsp","AuthenticationPackageName":"NTLM","WorkstationName":"LAB-WKS-009","IpAddress":"198.51.100.77","IpPort":"50123"}}
{"timestamp":"2026-01-15T11:03:45Z","record_id":9004,"provider":"Microsoft-Windows-Security-Auditing","provider_guid":"{54849625-5478-4994-A5BA-3E3B0328C30D}","channel":"Security","computer":"LAB-WKS-003","event_id":4624,"level":0,"task":12544,"opcode":0,"keywords":"0x8020000000000000","process_id":704,"thread_id":4112,"event_data":{"SubjectUserSid":"S-1-0-0","SubjectUserName":"-","SubjectDomainName":"-","TargetUserName":"svc-deploy","TargetDomainName":"EXAMPLE","LogonType":"10","LogonProcessName":"User32","AuthenticationPackageName":"Negotiate","WorkstationName":"LAB-WKS-009","IpAddress":"198.51.100.77","IpPort":"50144"}}
{"timestamp":"2026-01-15T11:04:20Z","record_id":9005,"provider":"Microsoft-Windows-Security-Auditing","provider_guid":"{54849625-5478-4994-A5BA-3E3B0328C30D}","channel":"Security","computer":"LAB-SRV-001","event_id":4624,"level":0,"task":12544,"opcode":0,"keywords":"0x8020000000000000","process_id":704,"thread_id":4116,"event_data":{"SubjectUserSid":"S-1-0-0","SubjectUserName":"-","SubjectDomainName":"-","TargetUserName":"alice.admin","TargetDomainName":"EXAMPLE","LogonType":"3","LogonProcessName":"NtLmSsp","AuthenticationPackageName":"NTLM","WorkstationName":"LAB-WKS-009","IpAddress":"198.51.100.77","IpPort":"50158"}}
{"timestamp":"2026-01-15T11:06:00Z","record_id":9006,"provider":"Microsoft-Windows-Security-Auditing","provider_guid":"{54849625-5478-4994-A5BA-3E3B0328C30D}","channel":"Security","computer":"LAB-SRV-003","event_id":4625,"level":0,"task":12544,"opcode":0,"keywords":"0x8010000000000000","process_id":704,"thread_id":4120,"event_data":{"SubjectUserSid":"S-1-0-0","SubjectUserName":"-","SubjectDomainName":"-","TargetUserName":"svc-sql","TargetDomainName":"EXAMPLE","Status":"0xC000006D","SubStatus":"0xC000006A","FailureReason":"Unknown user name or bad password.","LogonType":"3","LogonProcessName":"NtLmSsp","AuthenticationPackageName":"NTLM","WorkstationName":"LAB-WKS-010","IpAddress":"203.0.113.44","IpPort":"51401"}}
{"timestamp":"2026-01-15T11:06:12Z","record_id":9007,"provider":"Microsoft-Windows-Security-Auditing","provider_guid":"{54849625-5478-4994-A5BA-3E3B0328C30D}","channel":"Security","computer":"LAB-SRV-004","event_id":4625,"level":0,"task":12544,"opcode":0,"keywords":"0x8010000000000000","process_id":704,"thread_id":4124,"event_data":{"SubjectUserSid":"S-1-0-0","SubjectUserName":"-","SubjectDomainName":"-","TargetUserName":"svc-sql","TargetDomainName":"EXAMPLE","Status":"0xC000006D","SubStatus":"0xC000006A","FailureReason":"Unknown user name or bad password.","LogonType":"3","LogonProcessName":"NtLmSsp","AuthenticationPackageName":"NTLM","WorkstationName":"LAB-WKS-010","IpAddress":"203.0.113.44","IpPort":"51405"}}
{"timestamp":"2026-01-15T11:06:28Z","record_id":9008,"provider":"Microsoft-Windows-Security-Auditing","provider_guid":"{54849625-5478-4994-A5BA-3E3B0328C30D}","channel":"Security","computer":"LAB-SRV-004","event_id":4625,"level":0,"task":12544,"opcode":0,"keywords":"0x8010000000000000","process_id":704,"thread_id":4128,"event_data":{"SubjectUserSid":"S-1-0-0","SubjectUserName":"-","SubjectDomainName":"-","TargetUserName":"svc-backup","TargetDomainName":"EXAMPLE","Status":"0xC000006D","SubStatus":"0xC000006A","FailureReason":"Unknown user name or bad password.","LogonType":"3","LogonProcessName":"NtLmSsp","AuthenticationPackageName":"NTLM","WorkstationName":"LAB-WKS-010","IpAddress":"203.0.113.44","IpPort":"51421"}}
