{"timestamp":"2026-01-15T10:09:11Z","record_id":5001,"provider":"Microsoft-Windows-Windows Defender","provider_guid":"{11CD958A-C507-4EF3-B3F2-5FD9DFBD2C78}","channel":"Microsoft-Windows-Windows Defender/Operational","computer":"LAB-WKS-002","event_id":1116,"level":3,"task":0,"opcode":0,"keywords":"0x8000000000000000","process_id":4180,"thread_id":6936,"event_data":{"Product Name":"Microsoft Defender Antivirus","Product Version":"4.18.26000.1","Detection ID":"{22222222-3333-4444-5555-000000000001}","Detection Time":"2026-01-15T10:09:11.000Z","Unused":"-","Threat ID":"2147519003","Threat Name":"Behavior:Win32/ExampleSuspiciousScript","Severity ID":"4","Severity Name":"Severe","Category ID":"34","Category Name":"Behavior","FWLink":"https://go.microsoft.com/fwlink/?linkid=37020","Status Code":"1","Status Description":"Detected","State":"1","Source ID":"3","Source Name":"Real-Time Protection","Process Name":"C:\\Windows\\System32\\WindowsPowerShell\\v1.0\\powershell.exe","Detection User":"EXAMPLE\\operator","Path":"file:_C:\\ProgramData\\Example\\payload.bin","Origin ID":"1","Origin Name":"Local machine","Execution ID":"1","Execution Name":"Suspended","Type ID":"0","Type Name":"Concrete","Pre Execution Status":"0","Action ID":"9","Action Name":"Not Applicable","Error Code":"0x00000000","Error Description":"The operation completed successfully."}}
{"timestamp":"2026-01-15T10:09:13Z","record_id":5002,"provider":"Microsoft-Windows-Windows Defender","provider_guid":"{11CD958A-C507-4EF3-B3F2-5FD9DFBD2C78}","channel":"Microsoft-Windows-Windows Defender/Operational","computer":"LAB-WKS-002","event_id":1117,"level":4,"task":0,"opcode":0,"keywords":"0x8000000000000000","process_id":4180,"thread_id":6940,"event_data":{"Product Name":"Microsoft Defender Antivirus","Product Version":"4.18.26000.1","Detection ID":"{22222222-3333-4444-5555-000000000001}","Threat ID":"2147519003","Threat Name":"Behavior:Win32/ExampleSuspiciousScript","Severity ID":"4","Severity Name":"Severe","Category ID":"34","Category Name":"Behavior","Status Code":"2","Status Description":"Cleaned","State":"2","Source ID":"3","Source Name":"Real-Time Protection","Process Name":"C:\\Windows\\System32\\WindowsPowerShell\\v1.0\\powershell.exe","Detection User":"EXAMPLE\\operator","Path":"file:_C:\\ProgramData\\Example\\payload.bin","Action ID":"2","Action Name":"Quarantine","Error Code":"0x00000000","Error Description":"The operation completed successfully."}}
{"timestamp":"2026-01-15T10:15:00Z","record_id":5003,"provider":"Microsoft-Windows-Windows Defender","provider_guid":"{11CD958A-C507-4EF3-B3F2-5FD9DFBD2C78}","channel":"Microsoft-Windows-Windows Defender/Operational","computer":"LAB-WKS-001","event_id":5007,"level":4,"task":0,"opcode":0,"keywords":"0x8000000000000000","process_id":4184,"thread_id":7024,"event_data":{"Product Name":"Microsoft Defender Antivirus","Old Value":"Default\\Real-Time Protection\\DisableRealtimeMonitoring = 0x0","New Value":"Default\\Real-Time Protection\\DisableRealtimeMonitoring = 0x0","User":"NT AUTHORITY\\SYSTEM"}}
