{"timestamp":"2026-01-15T10:00:00Z","record_id":1001,"provider":"Microsoft-Windows-Security-Auditing","provider_guid":"{54849625-5478-4994-A5BA-3E3B0328C30D}","channel":"Security","computer":"LAB-WKS-001","event_id":4624,"level":0,"task":12544,"opcode":0,"keywords":"0x8020000000000000","process_id":704,"thread_id":1820,"event_data":{"SubjectUserSid":"S-1-5-18","SubjectUserName":"LAB-WKS-001$","SubjectDomainName":"EXAMPLE","TargetUserSid":"S-1-5-21-1000-1000-1000-1101","TargetUserName":"analyst","TargetDomainName":"EXAMPLE","LogonType":"10","LogonProcessName":"User32","AuthenticationPackageName":"Negotiate","WorkstationName":"LAB-WKS-001","IpAddress":"192.0.2.10","IpPort":"54122"}}
{"timestamp":"2026-01-15T10:02:12Z","record_id":1002,"provider":"Microsoft-Windows-Security-Auditing","provider_guid":"{54849625-5478-4994-A5BA-3E3B0328C30D}","channel":"Security","computer":"LAB-WKS-001","event_id":4625,"level":0,"task":12544,"opcode":0,"keywords":"0x8010000000000000","process_id":704,"thread_id":1824,"event_data":{"SubjectUserSid":"S-1-0-0","SubjectUserName":"-","SubjectDomainName":"-","TargetUserName":"service-build","TargetDomainName":"EXAMPLE","Status":"0xC000006D","SubStatus":"0xC000006A","FailureReason":"Unknown user name or bad password.","LogonType":"3","LogonProcessName":"NtLmSsp","AuthenticationPackageName":"NTLM","WorkstationName":"LAB-WKS-002","IpAddress":"198.51.100.25","IpPort":"49801"}}
{"timestamp":"2026-01-15T10:05:42Z","record_id":1003,"provider":"Microsoft-Windows-Security-Auditing","provider_guid":"{54849625-5478-4994-A5BA-3E3B0328C30D}","channel":"Security","computer":"LAB-WKS-002","event_id":4648,"level":0,"task":12544,"opcode":0,"keywords":"0x8020000000000000","process_id":912,"thread_id":3316,"event_data":{"SubjectUserSid":"S-1-5-21-1000-1000-1000-1102","SubjectUserName":"operator","SubjectDomainName":"EXAMPLE","TargetUserName":"admin-review","TargetDomainName":"EXAMPLE","TargetServerName":"LAB-SRV-001","ProcessName":"C:\\Windows\\System32\\runas.exe","IpAddress":"203.0.113.7","IpPort":"0"}}
{"timestamp":"2026-01-15T10:06:03Z","record_id":1004,"provider":"Microsoft-Windows-Security-Auditing","provider_guid":"{54849625-5478-4994-A5BA-3E3B0328C30D}","channel":"Security","computer":"LAB-WKS-002","event_id":4688,"level":0,"task":13312,"opcode":0,"keywords":"0x8020000000000000","process_id":704,"thread_id":3320,"event_data":{"SubjectUserSid":"S-1-5-21-1000-1000-1000-1102","SubjectUserName":"operator","SubjectDomainName":"EXAMPLE","NewProcessId":"0x13f0","NewProcessName":"C:\\Windows\\System32\\WindowsPowerShell\\v1.0\\powershell.exe","TokenElevationType":"%%1936","ProcessId":"0x0f2c","CommandLine":"powershell.exe -NoProfile -ExecutionPolicy Bypass -File C:\\ProgramData\\Example\\collect.ps1","ParentProcessName":"C:\\Windows\\System32\\cmd.exe"}}
{"timestamp":"2026-01-15T10:06:05Z","record_id":1005,"provider":"Microsoft-Windows-Security-Auditing","provider_guid":"{54849625-5478-4994-A5BA-3E3B0328C30D}","channel":"Security","computer":"LAB-WKS-002","event_id":4672,"level":0,"task":12548,"opcode":0,"keywords":"0x8020000000000000","process_id":704,"thread_id":3324,"event_data":{"SubjectUserSid":"S-1-5-21-1000-1000-1000-1103","SubjectUserName":"admin-review","SubjectDomainName":"EXAMPLE","PrivilegeList":"SeSecurityPrivilege SeBackupPrivilege SeRestorePrivilege SeDebugPrivilege"}}
