{"timestamp":"2026-01-15T10:06:01Z","record_id":4001,"provider":"Microsoft-Windows-Sysmon","provider_guid":"{5770385F-C22A-43E0-BF4C-06F5698FFBD9}","channel":"Microsoft-Windows-Sysmon/Operational","computer":"LAB-WKS-002","event_id":1,"level":4,"task":1,"opcode":0,"keywords":"0x8000000000000000","process_id":3800,"thread_id":6728,"event_data":{"RuleName":"technique_id=T1059,technique_name=Command and Scripting Interpreter","UtcTime":"2026-01-15 10:06:01.125","ProcessGuid":"{11111111-2222-3333-4444-000000000001}","ProcessId":"5104","Image":"C:\\Windows\\System32\\WindowsPowerShell\\v1.0\\powershell.exe","FileVersion":"10.0.26000.1","Description":"Windows PowerShell","Product":"Microsoft Windows Operating System","Company":"Microsoft Corporation","OriginalFileName":"PowerShell.EXE","CommandLine":"powershell.exe -NoProfile -ExecutionPolicy Bypass -File C:\\ProgramData\\Example\\collect.ps1","CurrentDirectory":"C:\\Users\\operator\\","User":"EXAMPLE\\operator","LogonGuid":"{11111111-2222-3333-4444-000000000010}","LogonId":"0x3e7","TerminalSessionId":"1","IntegrityLevel":"High","Hashes":"SHA256=0123456789ABCDEF0123456789ABCDEF0123456789ABCDEF0123456789ABCDEF","ParentProcessGuid":"{11111111-2222-3333-4444-000000000000}","ParentProcessId":"3888","ParentImage":"C:\\Windows\\System32\\cmd.exe","ParentCommandLine":"cmd.exe /c C:\\ProgramData\\Example\\run.cmd","ParentUser":"EXAMPLE\\operator"}}
{"timestamp":"2026-01-15T10:06:02Z","record_id":4002,"provider":"Microsoft-Windows-Sysmon","provider_guid":"{5770385F-C22A-43E0-BF4C-06F5698FFBD9}","channel":"Microsoft-Windows-Sysmon/Operational","computer":"LAB-WKS-002","event_id":3,"level":4,"task":3,"opcode":0,"keywords":"0x8000000000000000","process_id":3800,"thread_id":6732,"event_data":{"RuleName":"technique_id=T1105,technique_name=Ingress Tool Transfer","UtcTime":"2026-01-15 10:06:02.250","ProcessGuid":"{11111111-2222-3333-4444-000000000001}","ProcessId":"5104","Image":"C:\\Windows\\System32\\WindowsPowerShell\\v1.0\\powershell.exe","User":"EXAMPLE\\operator","Protocol":"tcp","Initiated":"true","SourceIsIpv6":"false","SourceIp":"192.0.2.10","SourceHostname":"LAB-WKS-002.example.test","SourcePort":"54231","SourcePortName":"-","DestinationIsIpv6":"false","DestinationIp":"203.0.113.55","DestinationHostname":"updates.example.invalid","DestinationPort":"443","DestinationPortName":"https"}}
{"timestamp":"2026-01-15T10:06:03Z","record_id":4003,"provider":"Microsoft-Windows-Sysmon","provider_guid":"{5770385F-C22A-43E0-BF4C-06F5698FFBD9}","channel":"Microsoft-Windows-Sysmon/Operational","computer":"LAB-WKS-002","event_id":11,"level":4,"task":11,"opcode":0,"keywords":"0x8000000000000000","process_id":3800,"thread_id":6736,"event_data":{"RuleName":"technique_id=T1105,technique_name=Ingress Tool Transfer","UtcTime":"2026-01-15 10:06:03.500","ProcessGuid":"{11111111-2222-3333-4444-000000000001}","ProcessId":"5104","Image":"C:\\Windows\\System32\\WindowsPowerShell\\v1.0\\powershell.exe","TargetFilename":"C:\\ProgramData\\Example\\payload.bin","CreationUtcTime":"2026-01-15 10:06:03.500","User":"EXAMPLE\\operator"}}
{"timestamp":"2026-01-15T10:06:04Z","record_id":4004,"provider":"Microsoft-Windows-Sysmon","provider_guid":"{5770385F-C22A-43E0-BF4C-06F5698FFBD9}","channel":"Microsoft-Windows-Sysmon/Operational","computer":"LAB-WKS-002","event_id":22,"level":4,"task":22,"opcode":0,"keywords":"0x8000000000000000","process_id":3800,"thread_id":6740,"event_data":{"RuleName":"technique_id=T1105,technique_name=Ingress Tool Transfer","UtcTime":"2026-01-15 10:06:04.125","ProcessGuid":"{11111111-2222-3333-4444-000000000001}","ProcessId":"5104","QueryName":"updates.example.invalid","QueryStatus":"0","QueryResults":"type: A, 203.0.113.55","Image":"C:\\Windows\\System32\\WindowsPowerShell\\v1.0\\powershell.exe","User":"EXAMPLE\\operator"}}
{"timestamp":"2026-01-15T10:07:30Z","record_id":4005,"provider":"Microsoft-Windows-Sysmon","provider_guid":"{5770385F-C22A-43E0-BF4C-06F5698FFBD9}","channel":"Microsoft-Windows-Sysmon/Operational","computer":"LAB-SRV-001","event_id":1,"level":4,"task":1,"opcode":0,"keywords":"0x8000000000000000","process_id":3812,"thread_id":6812,"event_data":{"RuleName":"-","UtcTime":"2026-01-15 10:07:30.000","ProcessGuid":"{11111111-2222-3333-4444-000000000101}","ProcessId":"804","Image":"C:\\Windows\\System32\\wevtutil.exe","FileVersion":"10.0.26000.1","Description":"Eventing Command Line Utility","Product":"Microsoft Windows Operating System","Company":"Microsoft Corporation","OriginalFileName":"wevtutil.exe","CommandLine":"wevtutil.exe qe System /c:5 /f:text","CurrentDirectory":"C:\\Windows\\System32\\","User":"EXAMPLE\\svc-audit","LogonGuid":"{11111111-2222-3333-4444-000000000110}","LogonId":"0x3e8","TerminalSessionId":"0","IntegrityLevel":"System","Hashes":"SHA256=FEDCBA9876543210FEDCBA9876543210FEDCBA9876543210FEDCBA9876543210","ParentProcessGuid":"{11111111-2222-3333-4444-000000000100}","ParentProcessId":"620","ParentImage":"C:\\Windows\\System32\\services.exe","ParentCommandLine":"C:\\Windows\\system32\\services.exe","ParentUser":"NT AUTHORITY\\SYSTEM"}}
