{"timestamp":"2026-01-15T11:00:00Z","record_id":8001,"provider":"Microsoft-Windows-Sysmon","provider_guid":"{5770385F-C22A-43E0-BF4C-06F5698FFBD9}","channel":"Microsoft-Windows-Sysmon/Operational","computer":"LAB-WKS-010","event_id":1,"level":4,"task":1,"opcode":0,"keywords":"0x8000000000000000","process_id":3800,"thread_id":6800,"event_data":{"ProcessGuid":"{22222222-3333-4444-5555-000000000001}","ProcessId":"6104","Image":"C:\\Windows\\System32\\WindowsPowerShell\\v1.0\\powershell.exe","CommandLine":"powershell.exe -NoProfile -File C:\\ProgramData\\Example\\stage.ps1","User":"EXAMPLE\\operator"}}
{"timestamp":"2026-01-15T11:00:02Z","record_id":8002,"provider":"Microsoft-Windows-Sysmon","provider_guid":"{5770385F-C22A-43E0-BF4C-06F5698FFBD9}","channel":"Microsoft-Windows-Sysmon/Operational","computer":"LAB-WKS-010","event_id":3,"level":4,"task":3,"opcode":0,"keywords":"0x8000000000000000","process_id":3800,"thread_id":6804,"event_data":{"ProcessGuid":"{22222222-3333-4444-5555-000000000001}","ProcessId":"6104","Image":"C:\\Windows\\System32\\WindowsPowerShell\\v1.0\\powershell.exe","DestinationIp":"203.0.113.77","DestinationHostname":"cdn.example.invalid","DestinationPort":"443","User":"EXAMPLE\\operator"}}
{"timestamp":"2026-01-15T11:00:04Z","record_id":8003,"provider":"Microsoft-Windows-Sysmon","provider_guid":"{5770385F-C22A-43E0-BF4C-06F5698FFBD9}","channel":"Microsoft-Windows-Sysmon/Operational","computer":"LAB-WKS-010","event_id":11,"level":4,"task":11,"opcode":0,"keywords":"0x8000000000000000","process_id":3800,"thread_id":6808,"event_data":{"ProcessGuid":"{22222222-3333-4444-5555-000000000001}","ProcessId":"6104","Image":"C:\\Windows\\System32\\WindowsPowerShell\\v1.0\\powershell.exe","TargetFilename":"C:\\ProgramData\\Example\\stage.bin","User":"EXAMPLE\\operator"}}
{"timestamp":"2026-01-15T11:06:00Z","record_id":8004,"provider":"Microsoft-Windows-Sysmon","provider_guid":"{5770385F-C22A-43E0-BF4C-06F5698FFBD9}","channel":"Microsoft-Windows-Sysmon/Operational","computer":"LAB-WKS-010","event_id":1,"level":4,"task":1,"opcode":0,"keywords":"0x8000000000000000","process_id":3800,"thread_id":6812,"event_data":{"ProcessGuid":"{22222222-3333-4444-5555-000000000999}","ProcessId":"7112","Image":"C:\\Windows\\System32\\notepad.exe","CommandLine":"notepad.exe","User":"EXAMPLE\\operator"}}
