{"timestamp":"2026-01-15T09:58:31Z","record_id":2001,"provider":"Microsoft-Windows-Kernel-General","provider_guid":"{A68CA8B7-004F-D7B6-A698-07E2DE0F1F5D}","channel":"System","computer":"LAB-SRV-001","event_id":12,"level":4,"task":0,"opcode":0,"keywords":"0x8000000000000000","process_id":4,"thread_id":96,"event_data":{"MajorVersion":"10","MinorVersion":"0","BuildVersion":"26000","QfeVersion":"0","ServiceVersion":"0","BootMode":"0","StartTime":"2026-01-15T09:58:31.000000Z"}}
{"timestamp":"2026-01-15T09:59:02Z","record_id":2002,"provider":"Service Control Manager","provider_guid":"{555908D1-A6D7-4695-8E1E-26931D2012F4}","channel":"System","computer":"LAB-SRV-001","event_id":7036,"level":4,"task":0,"opcode":0,"keywords":"0x8080000000000000","process_id":620,"thread_id":1556,"event_data":{"param1":"Windows Event Log","param2":"running"}}
{"timestamp":"2026-01-15T10:01:44Z","record_id":2003,"provider":"Service Control Manager","provider_guid":"{555908D1-A6D7-4695-8E1E-26931D2012F4}","channel":"System","computer":"LAB-SRV-001","event_id":7040,"level":4,"task":0,"opcode":0,"keywords":"0x8080000000000000","process_id":620,"thread_id":1580,"event_data":{"param1":"Example Telemetry Collector","param2":"auto start","param3":"demand start","param4":"EXAMPLE\\operator"}}
{"timestamp":"2026-01-15T10:08:29Z","record_id":2004,"provider":"Service Control Manager","provider_guid":"{555908D1-A6D7-4695-8E1E-26931D2012F4}","channel":"System","computer":"LAB-SRV-001","event_id":7036,"level":4,"task":0,"opcode":0,"keywords":"0x8080000000000000","process_id":620,"thread_id":1624,"event_data":{"param1":"Example Telemetry Collector","param2":"running"}}
{"timestamp":"2026-01-15T10:12:51Z","record_id":2005,"provider":"Service Control Manager","provider_guid":"{555908D1-A6D7-4695-8E1E-26931D2012F4}","channel":"System","computer":"LAB-SRV-002","event_id":7036,"level":4,"task":0,"opcode":0,"keywords":"0x8080000000000000","process_id":616,"thread_id":1440,"event_data":{"param1":"Background Tasks Infrastructure Service","param2":"running"}}
