{"timestamp":"2026-01-15T10:03:00Z","record_id":7001,"provider":"Microsoft-Windows-TaskScheduler","provider_guid":"{DE7B24EA-73C8-4A09-985D-5BDADCFA9017}","channel":"Microsoft-Windows-TaskScheduler/Operational","computer":"LAB-WKS-002","event_id":106,"level":4,"task":106,"opcode":0,"keywords":"0x8000000000000000","process_id":1188,"thread_id":7220,"event_data":{"TaskName":"\\Example\\Collect Inventory","UserName":"EXAMPLE\\operator","UserContext":"EXAMPLE\\operator","InstanceId":"{33333333-4444-5555-6666-000000000001}"}}
{"timestamp":"2026-01-15T10:03:04Z","record_id":7002,"provider":"Microsoft-Windows-TaskScheduler","provider_guid":"{DE7B24EA-73C8-4A09-985D-5BDADCFA9017}","channel":"Microsoft-Windows-TaskScheduler/Operational","computer":"LAB-WKS-002","event_id":140,"level":4,"task":140,"opcode":0,"keywords":"0x8000000000000000","process_id":1188,"thread_id":7224,"event_data":{"TaskName":"\\Example\\Collect Inventory","UserName":"EXAMPLE\\operator","TaskContent":"<Task><Actions><Exec><Command>C:\\Windows\\System32\\WindowsPowerShell\\v1.0\\powershell.exe</Command><Arguments>-NoProfile -File C:\\ProgramData\\Example\\collect.ps1</Arguments></Exec></Actions></Task>"}}
{"timestamp":"2026-01-15T10:06:00Z","record_id":7003,"provider":"Microsoft-Windows-TaskScheduler","provider_guid":"{DE7B24EA-73C8-4A09-985D-5BDADCFA9017}","channel":"Microsoft-Windows-TaskScheduler/Operational","computer":"LAB-WKS-002","event_id":200,"level":4,"task":200,"opcode":0,"keywords":"0x8000000000000000","process_id":1188,"thread_id":7230,"event_data":{"TaskName":"\\Example\\Collect Inventory","ActionName":"C:\\Windows\\System32\\WindowsPowerShell\\v1.0\\powershell.exe","InstanceId":"{33333333-4444-5555-6666-000000000001}","EnginePID":"5104"}}
{"timestamp":"2026-01-15T10:06:08Z","record_id":7004,"provider":"Microsoft-Windows-TaskScheduler","provider_guid":"{DE7B24EA-73C8-4A09-985D-5BDADCFA9017}","channel":"Microsoft-Windows-TaskScheduler/Operational","computer":"LAB-WKS-002","event_id":201,"level":4,"task":201,"opcode":0,"keywords":"0x8000000000000000","process_id":1188,"thread_id":7234,"event_data":{"TaskName":"\\Example\\Collect Inventory","ActionName":"C:\\Windows\\System32\\WindowsPowerShell\\v1.0\\powershell.exe","InstanceId":"{33333333-4444-5555-6666-000000000001}","ResultCode":"0"}}
{"timestamp":"2026-01-15T10:20:00Z","record_id":7005,"provider":"Microsoft-Windows-TaskScheduler","provider_guid":"{DE7B24EA-73C8-4A09-985D-5BDADCFA9017}","channel":"Microsoft-Windows-TaskScheduler/Operational","computer":"LAB-SRV-001","event_id":200,"level":4,"task":200,"opcode":0,"keywords":"0x8000000000000000","process_id":1192,"thread_id":7310,"event_data":{"TaskName":"\\Microsoft\\Windows\\Example\\Audit Export","ActionName":"C:\\Windows\\System32\\wevtutil.exe","InstanceId":"{33333333-4444-5555-6666-000000000101}","EnginePID":"804"}}
