{"timestamp":"2026-01-15T10:04:40Z","record_id":6001,"provider":"Microsoft-Windows-WMI-Activity","provider_guid":"{1418EF04-B0B4-4623-BF7E-D74AB47BBDAA}","channel":"Microsoft-Windows-WMI-Activity/Operational","computer":"LAB-WKS-002","event_id":5857,"level":4,"task":0,"opcode":0,"keywords":"0x8000000000000000","process_id":1096,"thread_id":7120,"event_data":{"Operation":"Started IWbemServices::ExecQuery - root\\cimv2 : SELECT * FROM Win32_Process","ClientProcessId":"5104","User":"EXAMPLE\\operator","ClientMachine":"LAB-WKS-002","NamespaceName":"\\\\.\\root\\cimv2","Query":"SELECT * FROM Win32_Process","PossibleCause":"Temporary WMI query issued by local automation"}}
{"timestamp":"2026-01-15T10:04:41Z","record_id":6002,"provider":"Microsoft-Windows-WMI-Activity","provider_guid":"{1418EF04-B0B4-4623-BF7E-D74AB47BBDAA}","channel":"Microsoft-Windows-WMI-Activity/Operational","computer":"LAB-WKS-002","event_id":5858,"level":2,"task":0,"opcode":0,"keywords":"0x8000000000000000","process_id":1096,"thread_id":7124,"event_data":{"Operation":"IWbemServices::ExecQuery","ResultCode":"0x80041032","ClientProcessId":"5104","User":"EXAMPLE\\operator","ClientMachine":"LAB-WKS-002","NamespaceName":"\\\\.\\root\\cimv2","Query":"SELECT * FROM Win32_Process WHERE Name = 'example.exe'","PossibleCause":"Query was canceled before completion"}}
{"timestamp":"2026-01-15T10:05:10Z","record_id":6003,"provider":"Microsoft-Windows-WMI-Activity","provider_guid":"{1418EF04-B0B4-4623-BF7E-D74AB47BBDAA}","channel":"Microsoft-Windows-WMI-Activity/Operational","computer":"LAB-WKS-002","event_id":5861,"level":4,"task":0,"opcode":0,"keywords":"0x8000000000000000","process_id":1096,"thread_id":7132,"event_data":{"Namespace":"root\\subscription","ESS":"ActiveScriptEventConsumer.Name=\"ExampleInventoryConsumer\"","CONSUMER":"CommandLineEventConsumer.Name=\"ExampleInventoryConsumer\"","PossibleCause":"A permanent event consumer was registered for inventory collection","CreatorSID":"S-1-5-21-1000-1000-1000-1102"}}
{"timestamp":"2026-01-15T10:05:12Z","record_id":6004,"provider":"Microsoft-Windows-WMI-Activity","provider_guid":"{1418EF04-B0B4-4623-BF7E-D74AB47BBDAA}","channel":"Microsoft-Windows-WMI-Activity/Operational","computer":"LAB-SRV-001","event_id":5857,"level":4,"task":0,"opcode":0,"keywords":"0x8000000000000000","process_id":1104,"thread_id":7180,"event_data":{"Operation":"Started IWbemServices::ExecQuery - root\\cimv2 : SELECT Name, State FROM Win32_Service","ClientProcessId":"804","User":"EXAMPLE\\svc-audit","ClientMachine":"LAB-SRV-001","NamespaceName":"\\\\.\\root\\cimv2","Query":"SELECT Name, State FROM Win32_Service","PossibleCause":"Service inventory query"}}
